<?xml version="1.0" encoding="UTF-8"?>
<!-- Generated by org.testng.reporters.JUnitXMLReporter -->
<testsuite hostname="DESKTOP-E69K95O" ignored="0" name="Test" tests="4" failures="0" timestamp="2021-07-05T16:53:50 EDT" time="7.964" errors="0">
  <testcase name="landingPage" time="0.807" classname="testScripts.Testing"/>
  <testcase name="accountPage" time="0.158" classname="testScripts.Testing"/>
  <testcase name="registrationPage" time="2.948" classname="testScripts.Testing"/>
  <testcase name="userHomePage" time="0.035" classname="testScripts.Testing"/>
</testsuite> <!-- Test -->
