<?xml version="1.0" encoding="UTF-8"?>
<testng-results skipped="0" failed="0" ignored="0" total="4" passed="4">
  <reporter-output>
  </reporter-output>
  <suite name="Suite" duration-ms="7964" started-at="2021-07-05T16:53:42 EDT" finished-at="2021-07-05T16:53:50 EDT">
    <groups>
    </groups>
    <test name="Test" duration-ms="7964" started-at="2021-07-05T16:53:42 EDT" finished-at="2021-07-05T16:53:50 EDT">
      <class name="testScripts.Testing">
        <test-method status="PASS" signature="test()[pri:0, instance:testScripts.Testing@2a556333]" name="test" is-config="true" duration-ms="3327" started-at="2021-07-05T16:53:42 EDT" finished-at="2021-07-05T16:53:45 EDT">
          <reporter-output>
          </reporter-output>
        </test-method> <!-- test -->
        <test-method status="PASS" signature="landingPage()[pri:0, instance:testScripts.Testing@2a556333]" name="landingPage" duration-ms="807" started-at="2021-07-05T16:53:45 EDT" finished-at="2021-07-05T16:53:46 EDT">
          <reporter-output>
          </reporter-output>
        </test-method> <!-- landingPage -->
        <test-method status="PASS" signature="accountPage()[pri:1, instance:testScripts.Testing@2a556333]" name="accountPage" duration-ms="158" started-at="2021-07-05T16:53:46 EDT" finished-at="2021-07-05T16:53:46 EDT">
          <reporter-output>
          </reporter-output>
        </test-method> <!-- accountPage -->
        <test-method status="PASS" signature="registrationPage()[pri:2, instance:testScripts.Testing@2a556333]" name="registrationPage" duration-ms="2948" started-at="2021-07-05T16:53:46 EDT" finished-at="2021-07-05T16:53:49 EDT">
          <reporter-output>
          </reporter-output>
        </test-method> <!-- registrationPage -->
        <test-method status="PASS" signature="userHomePage()[pri:3, instance:testScripts.Testing@2a556333]" name="userHomePage" duration-ms="35" started-at="2021-07-05T16:53:49 EDT" finished-at="2021-07-05T16:53:49 EDT">
          <reporter-output>
          </reporter-output>
        </test-method> <!-- userHomePage -->
        <test-method status="PASS" signature="finishTest()[pri:0, instance:testScripts.Testing@2a556333]" name="finishTest" is-config="true" duration-ms="649" started-at="2021-07-05T16:53:49 EDT" finished-at="2021-07-05T16:53:50 EDT">
          <reporter-output>
          </reporter-output>
        </test-method> <!-- finishTest -->
      </class> <!-- testScripts.Testing -->
    </test> <!-- Test -->
  </suite> <!-- Suite -->
</testng-results>
