<?xml version="1.0" encoding="UTF-8"?>
<!-- Generated by org.testng.reporters.JUnitXMLReporter -->
<testsuite hostname="DESKTOP-E69K95O" ignored="0" name="Default test" tests="4" failures="0" timestamp="2021-06-30T21:37:59 EDT" time="9.988" errors="0">
  <testcase name="landingPage" time="1.069" classname="testScripts.Testing"/>
  <testcase name="accountPage" time="0.247" classname="testScripts.Testing"/>
  <testcase name="registrationPage" time="3.911" classname="testScripts.Testing"/>
  <testcase name="userHomePage" time="0.033" classname="testScripts.Testing"/>
</testsuite> <!-- Default test -->
